Determining if the pthread_create exist failed with the following output:
Change Dir: /home/me132/DroneVisionProject/DroneInterface/build/CMakeFiles/CMakeTmp

Run Build Command:/usr/bin/make "cmTryCompileExec1572070996/fast"
/usr/bin/make -f CMakeFiles/cmTryCompileExec1572070996.dir/build.make CMakeFiles/cmTryCompileExec1572070996.dir/build
make[1]: Entering directory `/home/me132/DroneVisionProject/DroneInterface/build/CMakeFiles/CMakeTmp'
/usr/bin/cmake -E cmake_progress_report /home/me132/DroneVisionProject/DroneInterface/build/CMakeFiles/CMakeTmp/CMakeFiles 1
Building C object CMakeFiles/cmTryCompileExec1572070996.dir/CheckSymbolExists.c.o
/usr/bin/cc    -o CMakeFiles/cmTryCompileExec1572070996.dir/CheckSymbolExists.c.o   -c /home/me132/DroneVisionProject/DroneInterface/build/CMakeFiles/CMakeTmp/CheckSymbolExists.c
Linking C executable cmTryCompileExec1572070996
/usr/bin/cmake -E cmake_link_script CMakeFiles/cmTryCompileExec1572070996.dir/link.txt --verbose=1
/usr/bin/cc       CMakeFiles/cmTryCompileExec1572070996.dir/CheckSymbolExists.c.o  -o cmTryCompileExec1572070996 -rdynamic 
CMakeFiles/cmTryCompileExec1572070996.dir/CheckSymbolExists.c.o: In function `main':
CheckSymbolExists.c:(.text+0x16): undefined reference to `pthread_create'
collect2: error: ld returned 1 exit status
make[1]: Leaving directory `/home/me132/DroneVisionProject/DroneInterface/build/CMakeFiles/CMakeTmp'
make[1]: *** [cmTryCompileExec1572070996] Error 1
make: *** [cmTryCompileExec1572070996/fast] Error 2

File /home/me132/DroneVisionProject/DroneInterface/build/CMakeFiles/CMakeTmp/CheckSymbolExists.c:
/* */
#include <pthread.h>

int main(int argc, char** argv)
{
  (void)argv;
#ifndef pthread_create
  return ((int*)(&pthread_create))[argc];
#else
  (void)argc;
  return 0;
#endif
}

Determining if the function pthread_create exists in the pthreads failed with the following output:
Change Dir: /home/me132/DroneVisionProject/DroneInterface/build/CMakeFiles/CMakeTmp

Run Build Command:/usr/bin/make "cmTryCompileExec2388514410/fast"
/usr/bin/make -f CMakeFiles/cmTryCompileExec2388514410.dir/build.make CMakeFiles/cmTryCompileExec2388514410.dir/build
make[1]: Entering directory `/home/me132/DroneVisionProject/DroneInterface/build/CMakeFiles/CMakeTmp'
/usr/bin/cmake -E cmake_progress_report /home/me132/DroneVisionProject/DroneInterface/build/CMakeFiles/CMakeTmp/CMakeFiles 1
Building C object CMakeFiles/cmTryCompileExec2388514410.dir/CheckFunctionExists.c.o
/usr/bin/cc   -DCHECK_FUNCTION_EXISTS=pthread_create   -o CMakeFiles/cmTryCompileExec2388514410.dir/CheckFunctionExists.c.o   -c /usr/share/cmake-2.8/Modules/CheckFunctionExists.c
Linking C executable cmTryCompileExec2388514410
/usr/bin/cmake -E cmake_link_script CMakeFiles/cmTryCompileExec2388514410.dir/link.txt --verbose=1
/usr/bin/cc   -DCHECK_FUNCTION_EXISTS=pthread_create    CMakeFiles/cmTryCompileExec2388514410.dir/CheckFunctionExists.c.o  -o cmTryCompileExec2388514410 -rdynamic -lpthreads 
/usr/bin/ld: cannot find -lpthreads
collect2: error: ld returned 1 exit status
make[1]: Leaving directory `/home/me132/DroneVisionProject/DroneInterface/build/CMakeFiles/CMakeTmp'
make[1]: *** [cmTryCompileExec2388514410] Error 1
make: *** [cmTryCompileExec2388514410/fast] Error 2


Determining if the Q_WS_WIN exist failed with the following output:
Change Dir: /home/me132/DroneVisionProject/DroneInterface/build/CMakeFiles/CMakeTmp

Run Build Command:/usr/bin/make "cmTryCompileExec1656488815/fast"
/usr/bin/make -f CMakeFiles/cmTryCompileExec1656488815.dir/build.make CMakeFiles/cmTryCompileExec1656488815.dir/build
make[1]: Entering directory `/home/me132/DroneVisionProject/DroneInterface/build/CMakeFiles/CMakeTmp'
/usr/bin/cmake -E cmake_progress_report /home/me132/DroneVisionProject/DroneInterface/build/CMakeFiles/CMakeTmp/CMakeFiles 1
Building CXX object CMakeFiles/cmTryCompileExec1656488815.dir/CheckSymbolExists.cxx.o
/usr/bin/c++    -I/usr/include/qt4    -o CMakeFiles/cmTryCompileExec1656488815.dir/CheckSymbolExists.cxx.o -c /home/me132/DroneVisionProject/DroneInterface/build/CMakeFiles/CMakeTmp/CheckSymbolExists.cxx
/home/me132/DroneVisionProject/DroneInterface/build/CMakeFiles/CMakeTmp/CheckSymbolExists.cxx: In function ‘int main(int, char**)’:
/home/me132/DroneVisionProject/DroneInterface/build/CMakeFiles/CMakeTmp/CheckSymbolExists.cxx:8:19: error: ‘Q_WS_WIN’ was not declared in this scope
   return ((int*)(&Q_WS_WIN))[argc];
                   ^
make[1]: Leaving directory `/home/me132/DroneVisionProject/DroneInterface/build/CMakeFiles/CMakeTmp'
make[1]: *** [CMakeFiles/cmTryCompileExec1656488815.dir/CheckSymbolExists.cxx.o] Error 1
make: *** [cmTryCompileExec1656488815/fast] Error 2

File /home/me132/DroneVisionProject/DroneInterface/build/CMakeFiles/CMakeTmp/CheckSymbolExists.cxx:
/* */
#include <QtCore/qglobal.h>

int main(int argc, char** argv)
{
  (void)argv;
#ifndef Q_WS_WIN
  return ((int*)(&Q_WS_WIN))[argc];
#else
  (void)argc;
  return 0;
#endif
}

Determining if the Q_WS_QWS exist failed with the following output:
Change Dir: /home/me132/DroneVisionProject/DroneInterface/build/CMakeFiles/CMakeTmp

Run Build Command:/usr/bin/make "cmTryCompileExec1847895448/fast"
/usr/bin/make -f CMakeFiles/cmTryCompileExec1847895448.dir/build.make CMakeFiles/cmTryCompileExec1847895448.dir/build
make[1]: Entering directory `/home/me132/DroneVisionProject/DroneInterface/build/CMakeFiles/CMakeTmp'
/usr/bin/cmake -E cmake_progress_report /home/me132/DroneVisionProject/DroneInterface/build/CMakeFiles/CMakeTmp/CMakeFiles 1
Building CXX object CMakeFiles/cmTryCompileExec1847895448.dir/CheckSymbolExists.cxx.o
/usr/bin/c++    -I/usr/include/qt4    -o CMakeFiles/cmTryCompileExec1847895448.dir/CheckSymbolExists.cxx.o -c /home/me132/DroneVisionProject/DroneInterface/build/CMakeFiles/CMakeTmp/CheckSymbolExists.cxx
/home/me132/DroneVisionProject/DroneInterface/build/CMakeFiles/CMakeTmp/CheckSymbolExists.cxx: In function ‘int main(int, char**)’:
/home/me132/DroneVisionProject/DroneInterface/build/CMakeFiles/CMakeTmp/CheckSymbolExists.cxx:8:19: error: ‘Q_WS_QWS’ was not declared in this scope
   return ((int*)(&Q_WS_QWS))[argc];
                   ^
make[1]: *** [CMakeFiles/cmTryCompileExec1847895448.dir/CheckSymbolExists.cxx.o] Error 1
make[1]: Leaving directory `/home/me132/DroneVisionProject/DroneInterface/build/CMakeFiles/CMakeTmp'
make: *** [cmTryCompileExec1847895448/fast] Error 2

File /home/me132/DroneVisionProject/DroneInterface/build/CMakeFiles/CMakeTmp/CheckSymbolExists.cxx:
/* */
#include <QtCore/qglobal.h>

int main(int argc, char** argv)
{
  (void)argv;
#ifndef Q_WS_QWS
  return ((int*)(&Q_WS_QWS))[argc];
#else
  (void)argc;
  return 0;
#endif
}

Determining if the Q_WS_MAC exist failed with the following output:
Change Dir: /home/me132/DroneVisionProject/DroneInterface/build/CMakeFiles/CMakeTmp

Run Build Command:/usr/bin/make "cmTryCompileExec3212247978/fast"
/usr/bin/make -f CMakeFiles/cmTryCompileExec3212247978.dir/build.make CMakeFiles/cmTryCompileExec3212247978.dir/build
make[1]: Entering directory `/home/me132/DroneVisionProject/DroneInterface/build/CMakeFiles/CMakeTmp'
/usr/bin/cmake -E cmake_progress_report /home/me132/DroneVisionProject/DroneInterface/build/CMakeFiles/CMakeTmp/CMakeFiles 1
Building CXX object CMakeFiles/cmTryCompileExec3212247978.dir/CheckSymbolExists.cxx.o
/usr/bin/c++    -I/usr/include/qt4    -o CMakeFiles/cmTryCompileExec3212247978.dir/CheckSymbolExists.cxx.o -c /home/me132/DroneVisionProject/DroneInterface/build/CMakeFiles/CMakeTmp/CheckSymbolExists.cxx
/home/me132/DroneVisionProject/DroneInterface/build/CMakeFiles/CMakeTmp/CheckSymbolExists.cxx: In function ‘int main(int, char**)’:
/home/me132/DroneVisionProject/DroneInterface/build/CMakeFiles/CMakeTmp/CheckSymbolExists.cxx:8:19: error: ‘Q_WS_MAC’ was not declared in this scope
   return ((int*)(&Q_WS_MAC))[argc];
                   ^
make[1]: Leaving directory `/home/me132/DroneVisionProject/DroneInterface/build/CMakeFiles/CMakeTmp'
make[1]: *** [CMakeFiles/cmTryCompileExec3212247978.dir/CheckSymbolExists.cxx.o] Error 1
make: *** [cmTryCompileExec3212247978/fast] Error 2

File /home/me132/DroneVisionProject/DroneInterface/build/CMakeFiles/CMakeTmp/CheckSymbolExists.cxx:
/* */
#include <QtCore/qglobal.h>

int main(int argc, char** argv)
{
  (void)argv;
#ifndef Q_WS_MAC
  return ((int*)(&Q_WS_MAC))[argc];
#else
  (void)argc;
  return 0;
#endif
}

